{"level":"info","message":"API GATEWAY is running on port: 3000","service":"api-gateway","timestamp":"2025-09-08T09:31:49.610Z"}
{"level":"info","message":"Identity Service is running on port: http://localhost:3001","service":"api-gateway","timestamp":"2025-09-08T09:31:49.615Z"}
{"level":"info","message":"Redis Url is running on port: redis://localhost:6379","service":"api-gateway","timestamp":"2025-09-08T09:31:49.616Z"}
{"level":"info","message":"Received POST request to /v1/auth/register","service":"api-gateway","timestamp":"2025-09-08T10:05:47.110Z"}
{"level":"info","message":"Request body, [object Object]","service":"api-gateway","timestamp":"2025-09-08T10:05:47.111Z"}
{"level":"info","message":"Response received from identity service :201","service":"api-gateway","timestamp":"2025-09-08T10:05:47.842Z"}
{"level":"info","message":"Received POST request to /v1/auth/register","service":"api-gateway","timestamp":"2025-09-08T10:09:06.567Z"}
{"level":"info","message":"Request body, [object Object]","service":"api-gateway","timestamp":"2025-09-08T10:09:06.568Z"}
{"level":"info","message":"Response received from identity service :400","service":"api-gateway","timestamp":"2025-09-08T10:09:06.702Z"}
{"level":"info","message":"API GATEWAY is running on port: 3000","service":"api-gateway","timestamp":"2025-09-08T11:18:25.529Z"}
{"level":"info","message":"Identity Service is running on port: http://localhost:3001","service":"api-gateway","timestamp":"2025-09-08T11:18:25.535Z"}
{"level":"info","message":"Redis Url is running on port: redis://localhost:6379","service":"api-gateway","timestamp":"2025-09-08T11:18:25.536Z"}
{"level":"info","message":"API GATEWAY is running on port: 3000","service":"api-gateway","timestamp":"2025-09-08T16:32:26.883Z"}
{"level":"info","message":"Identity Service is running on port: http://localhost:3001","service":"api-gateway","timestamp":"2025-09-08T16:32:26.888Z"}
{"level":"info","message":"Redis Url is running on port: redis://localhost:6379","service":"api-gateway","timestamp":"2025-09-08T16:32:26.889Z"}
{"level":"info","message":"API GATEWAY is running on port: 3000","service":"api-gateway","timestamp":"2025-09-08T16:33:32.734Z"}
{"level":"info","message":"Identity Service is running on port: http://localhost:3001","service":"api-gateway","timestamp":"2025-09-08T16:33:32.739Z"}
{"level":"info","message":"Redis Url is running on port: redis://localhost:6379","service":"api-gateway","timestamp":"2025-09-08T16:33:32.740Z"}
{"level":"info","message":"API GATEWAY is running on port: 3000","service":"api-gateway","timestamp":"2025-09-08T16:33:36.656Z"}
{"level":"info","message":"Identity Service is running on port: http://localhost:3001","service":"api-gateway","timestamp":"2025-09-08T16:33:36.660Z"}
{"level":"info","message":"Redis Url is running on port: redis://localhost:6379","service":"api-gateway","timestamp":"2025-09-08T16:33:36.661Z"}
{"level":"info","message":"API GATEWAY is running on port: 3000","service":"api-gateway","timestamp":"2025-09-08T16:33:40.453Z"}
{"level":"info","message":"Identity Service is running on port: http://localhost:3001","service":"api-gateway","timestamp":"2025-09-08T16:33:40.458Z"}
{"level":"info","message":"Redis Url is running on port: redis://localhost:6379","service":"api-gateway","timestamp":"2025-09-08T16:33:40.459Z"}
{"level":"info","message":"API GATEWAY is running on port: 3000","service":"api-gateway","timestamp":"2025-09-08T16:33:45.175Z"}
{"level":"info","message":"Identity Service is running on port: http://localhost:3001","service":"api-gateway","timestamp":"2025-09-08T16:33:45.179Z"}
{"level":"info","message":"Redis Url is running on port: redis://localhost:6379","service":"api-gateway","timestamp":"2025-09-08T16:33:45.180Z"}
{"level":"info","message":"API GATEWAY is running on port: 3000","service":"api-gateway","timestamp":"2025-09-08T16:33:49.336Z"}
{"level":"info","message":"Identity Service is running on port: http://localhost:3001","service":"api-gateway","timestamp":"2025-09-08T16:33:49.341Z"}
{"level":"info","message":"Redis Url is running on port: redis://localhost:6379","service":"api-gateway","timestamp":"2025-09-08T16:33:49.342Z"}
{"level":"info","message":"API GATEWAY is running on port: 3000","service":"api-gateway","timestamp":"2025-09-08T16:33:51.693Z"}
{"level":"info","message":"Identity Service is running on port: http://localhost:3001","service":"api-gateway","timestamp":"2025-09-08T16:33:51.698Z"}
{"level":"info","message":"Redis Url is running on port: redis://localhost:6379","service":"api-gateway","timestamp":"2025-09-08T16:33:51.699Z"}
{"level":"info","message":"API GATEWAY is running on port: 3000","service":"api-gateway","timestamp":"2025-09-08T16:33:55.264Z"}
{"level":"info","message":"Identity Service is running on port: http://localhost:3001","service":"api-gateway","timestamp":"2025-09-08T16:33:55.269Z"}
{"level":"info","message":"Redis Url is running on port: redis://localhost:6379","service":"api-gateway","timestamp":"2025-09-08T16:33:55.270Z"}
{"level":"info","message":"API GATEWAY is running on port: 3000","service":"api-gateway","timestamp":"2025-09-08T16:33:58.177Z"}
{"level":"info","message":"Identity Service is running on port: http://localhost:3001","service":"api-gateway","timestamp":"2025-09-08T16:33:58.183Z"}
{"level":"info","message":"Redis Url is running on port: redis://localhost:6379","service":"api-gateway","timestamp":"2025-09-08T16:33:58.184Z"}
{"level":"info","message":"API GATEWAY is running on port: 3000","service":"api-gateway","timestamp":"2025-09-08T16:34:03.491Z"}
{"level":"info","message":"Identity Service is running on port: http://localhost:3001","service":"api-gateway","timestamp":"2025-09-08T16:34:03.496Z"}
{"level":"info","message":"Redis Url is running on port: redis://localhost:6379","service":"api-gateway","timestamp":"2025-09-08T16:34:03.497Z"}
{"level":"info","message":"API GATEWAY is running on port: 3000","service":"api-gateway","timestamp":"2025-09-08T16:34:05.819Z"}
{"level":"info","message":"Identity Service is running on port: http://localhost:3001","service":"api-gateway","timestamp":"2025-09-08T16:34:05.826Z"}
{"level":"info","message":"Redis Url is running on port: redis://localhost:6379","service":"api-gateway","timestamp":"2025-09-08T16:34:05.827Z"}
{"level":"info","message":"API GATEWAY is running on port: 3000","service":"api-gateway","timestamp":"2025-09-08T16:34:10.616Z"}
{"level":"info","message":"Identity Service is running on port: http://localhost:3001","service":"api-gateway","timestamp":"2025-09-08T16:34:10.621Z"}
{"level":"info","message":"Redis Url is running on port: redis://localhost:6379","service":"api-gateway","timestamp":"2025-09-08T16:34:10.622Z"}
{"level":"info","message":"API GATEWAY is running on port: 3000","service":"api-gateway","timestamp":"2025-09-08T16:34:43.261Z"}
{"level":"info","message":"Identity Service is running on port: http://localhost:3001","service":"api-gateway","timestamp":"2025-09-08T16:34:43.266Z"}
{"level":"info","message":"Redis Url is running on port: redis://localhost:6379","service":"api-gateway","timestamp":"2025-09-08T16:34:43.267Z"}
{"level":"info","message":"API GATEWAY is running on port: 3000","service":"api-gateway","timestamp":"2025-09-08T16:34:56.531Z"}
{"level":"info","message":"Identity Service is running on port: http://localhost:3001","service":"api-gateway","timestamp":"2025-09-08T16:34:56.538Z"}
{"level":"info","message":"Redis Url is running on port: redis://localhost:6379","service":"api-gateway","timestamp":"2025-09-08T16:34:56.539Z"}
{"level":"info","message":"API GATEWAY is running on port: 3000","service":"api-gateway","timestamp":"2025-09-08T16:34:58.435Z"}
{"level":"info","message":"Identity Service is running on port: http://localhost:3001","service":"api-gateway","timestamp":"2025-09-08T16:34:58.443Z"}
{"level":"info","message":"Redis Url is running on port: redis://localhost:6379","service":"api-gateway","timestamp":"2025-09-08T16:34:58.444Z"}
{"level":"info","message":"API GATEWAY is running on port: 3000","service":"api-gateway","timestamp":"2025-09-08T16:35:00.053Z"}
{"level":"info","message":"Identity Service is running on port: http://localhost:3001","service":"api-gateway","timestamp":"2025-09-08T16:35:00.057Z"}
{"level":"info","message":"Redis Url is running on port: redis://localhost:6379","service":"api-gateway","timestamp":"2025-09-08T16:35:00.057Z"}
{"level":"info","message":"API GATEWAY is running on port: 3000","service":"api-gateway","timestamp":"2025-09-08T16:35:01.646Z"}
{"level":"info","message":"Identity Service is running on port: http://localhost:3001","service":"api-gateway","timestamp":"2025-09-08T16:35:01.651Z"}
{"level":"info","message":"Redis Url is running on port: redis://localhost:6379","service":"api-gateway","timestamp":"2025-09-08T16:35:01.651Z"}
{"level":"info","message":"API GATEWAY is running on port: 3000","service":"api-gateway","timestamp":"2025-09-08T16:35:03.470Z"}
{"level":"info","message":"Identity Service is running on port: http://localhost:3001","service":"api-gateway","timestamp":"2025-09-08T16:35:03.475Z"}
{"level":"info","message":"Redis Url is running on port: redis://localhost:6379","service":"api-gateway","timestamp":"2025-09-08T16:35:03.475Z"}
{"level":"info","message":"API GATEWAY is running on port: 3000","service":"api-gateway","timestamp":"2025-09-08T16:35:06.235Z"}
{"level":"info","message":"Identity Service is running on port: http://localhost:3001","service":"api-gateway","timestamp":"2025-09-08T16:35:06.239Z"}
{"level":"info","message":"Redis Url is running on port: redis://localhost:6379","service":"api-gateway","timestamp":"2025-09-08T16:35:06.240Z"}
{"level":"info","message":"API GATEWAY is running on port: 3000","service":"api-gateway","timestamp":"2025-09-08T16:35:12.481Z"}
{"level":"info","message":"Identity Service is running on port: http://localhost:3001","service":"api-gateway","timestamp":"2025-09-08T16:35:12.486Z"}
{"level":"info","message":"Redis Url is running on port: redis://localhost:6379","service":"api-gateway","timestamp":"2025-09-08T16:35:12.487Z"}
{"level":"info","message":"API GATEWAY is running on port: 3000","service":"api-gateway","timestamp":"2025-09-08T16:35:15.223Z"}
{"level":"info","message":"Identity Service is running on port: http://localhost:3001","service":"api-gateway","timestamp":"2025-09-08T16:35:15.228Z"}
{"level":"info","message":"Redis Url is running on port: redis://localhost:6379","service":"api-gateway","timestamp":"2025-09-08T16:35:15.229Z"}
{"level":"info","message":"API GATEWAY is running on port: 3000","service":"api-gateway","timestamp":"2025-09-08T16:35:17.484Z"}
{"level":"info","message":"Identity Service is running on port: http://localhost:3001","service":"api-gateway","timestamp":"2025-09-08T16:35:17.489Z"}
{"level":"info","message":"Redis Url is running on port: redis://localhost:6379","service":"api-gateway","timestamp":"2025-09-08T16:35:17.490Z"}
{"level":"info","message":"API GATEWAY is running on port: 3000","service":"api-gateway","timestamp":"2025-09-08T16:35:23.187Z"}
{"level":"info","message":"Identity Service is running on port: http://localhost:3001","service":"api-gateway","timestamp":"2025-09-08T16:35:23.211Z"}
{"level":"info","message":"Redis Url is running on port: redis://localhost:6379","service":"api-gateway","timestamp":"2025-09-08T16:35:23.212Z"}
{"level":"info","message":"API GATEWAY is running on port: 3000","service":"api-gateway","timestamp":"2025-09-08T16:35:26.087Z"}
{"level":"info","message":"Identity Service is running on port: http://localhost:3001","service":"api-gateway","timestamp":"2025-09-08T16:35:26.091Z"}
{"level":"info","message":"Redis Url is running on port: redis://localhost:6379","service":"api-gateway","timestamp":"2025-09-08T16:35:26.092Z"}
{"level":"info","message":"API GATEWAY is running on port: 3000","service":"api-gateway","timestamp":"2025-09-08T16:35:27.856Z"}
{"level":"info","message":"Identity Service is running on port: http://localhost:3001","service":"api-gateway","timestamp":"2025-09-08T16:35:27.861Z"}
{"level":"info","message":"Redis Url is running on port: redis://localhost:6379","service":"api-gateway","timestamp":"2025-09-08T16:35:27.861Z"}
{"level":"info","message":"API GATEWAY is running on port: 3000","service":"api-gateway","timestamp":"2025-09-08T16:35:34.287Z"}
{"level":"info","message":"Identity Service is running on port: http://localhost:3001","service":"api-gateway","timestamp":"2025-09-08T16:35:34.294Z"}
{"level":"info","message":"Redis Url is running on port: redis://localhost:6379","service":"api-gateway","timestamp":"2025-09-08T16:35:34.296Z"}
{"level":"info","message":"API GATEWAY is running on port: 3000","service":"api-gateway","timestamp":"2025-09-08T16:35:41.319Z"}
{"level":"info","message":"Identity Service is running on port: http://localhost:3001","service":"api-gateway","timestamp":"2025-09-08T16:35:41.324Z"}
{"level":"info","message":"Redis Url is running on port: redis://localhost:6379","service":"api-gateway","timestamp":"2025-09-08T16:35:41.325Z"}
{"level":"info","message":"API GATEWAY is running on port: 3000","service":"api-gateway","timestamp":"2025-09-08T16:35:42.638Z"}
{"level":"info","message":"Identity Service is running on port: http://localhost:3001","service":"api-gateway","timestamp":"2025-09-08T16:35:42.643Z"}
{"level":"info","message":"Redis Url is running on port: redis://localhost:6379","service":"api-gateway","timestamp":"2025-09-08T16:35:42.644Z"}
{"level":"info","message":"API GATEWAY is running on port: 3000","service":"api-gateway","timestamp":"2025-09-08T16:35:45.577Z"}
{"level":"info","message":"Identity Service is running on port: http://localhost:3001","service":"api-gateway","timestamp":"2025-09-08T16:35:45.588Z"}
{"level":"info","message":"Redis Url is running on port: redis://localhost:6379","service":"api-gateway","timestamp":"2025-09-08T16:35:45.589Z"}
{"level":"info","message":"API GATEWAY is running on port: 3000","service":"api-gateway","timestamp":"2025-09-08T16:35:49.449Z"}
{"level":"info","message":"Identity Service is running on port: http://localhost:3001","service":"api-gateway","timestamp":"2025-09-08T16:35:49.457Z"}
{"level":"info","message":"Redis Url is running on port: redis://localhost:6379","service":"api-gateway","timestamp":"2025-09-08T16:35:49.459Z"}
{"level":"info","message":"API GATEWAY is running on port: 3000","service":"api-gateway","timestamp":"2025-09-08T16:35:53.703Z"}
{"level":"info","message":"Identity Service is running on port: http://localhost:3001","service":"api-gateway","timestamp":"2025-09-08T16:35:53.708Z"}
{"level":"info","message":"Redis Url is running on port: redis://localhost:6379","service":"api-gateway","timestamp":"2025-09-08T16:35:53.709Z"}
{"level":"info","message":"API GATEWAY is running on port: 3000","service":"api-gateway","timestamp":"2025-09-08T16:35:57.478Z"}
{"level":"info","message":"Identity Service is running on port: http://localhost:3001","service":"api-gateway","timestamp":"2025-09-08T16:35:57.483Z"}
{"level":"info","message":"Redis Url is running on port: redis://localhost:6379","service":"api-gateway","timestamp":"2025-09-08T16:35:57.484Z"}
{"level":"info","message":"API GATEWAY is running on port: 3000","service":"api-gateway","timestamp":"2025-09-08T16:36:07.832Z"}
{"level":"info","message":"Identity Service is running on port: http://localhost:3001","service":"api-gateway","timestamp":"2025-09-08T16:36:07.842Z"}
{"level":"info","message":"Redis Url is running on port: redis://localhost:6379","service":"api-gateway","timestamp":"2025-09-08T16:36:07.843Z"}
{"level":"info","message":"API GATEWAY is running on port: 3000","service":"api-gateway","timestamp":"2025-09-08T16:36:14.113Z"}
{"level":"info","message":"Identity Service is running on port: http://localhost:3001","service":"api-gateway","timestamp":"2025-09-08T16:36:14.118Z"}
{"level":"info","message":"Redis Url is running on port: redis://localhost:6379","service":"api-gateway","timestamp":"2025-09-08T16:36:14.119Z"}
{"level":"info","message":"API GATEWAY is running on port: 3000","service":"api-gateway","timestamp":"2025-09-08T16:36:18.421Z"}
{"level":"info","message":"Identity Service is running on port: http://localhost:3001","service":"api-gateway","timestamp":"2025-09-08T16:36:18.426Z"}
{"level":"info","message":"Redis Url is running on port: redis://localhost:6379","service":"api-gateway","timestamp":"2025-09-08T16:36:18.427Z"}
{"level":"info","message":"API GATEWAY is running on port: 3000","service":"api-gateway","timestamp":"2025-09-08T16:36:26.013Z"}
{"level":"info","message":"Identity Service is running on port: http://localhost:3001","service":"api-gateway","timestamp":"2025-09-08T16:36:26.018Z"}
{"level":"info","message":"Redis Url is running on port: redis://localhost:6379","service":"api-gateway","timestamp":"2025-09-08T16:36:26.019Z"}
{"level":"info","message":"API GATEWAY is running on port: 3000","service":"api-gateway","timestamp":"2025-09-08T16:36:29.882Z"}
{"level":"info","message":"Identity Service is running on port: http://localhost:3001","service":"api-gateway","timestamp":"2025-09-08T16:36:29.888Z"}
{"level":"info","message":"Redis Url is running on port: redis://localhost:6379","service":"api-gateway","timestamp":"2025-09-08T16:36:29.890Z"}
{"level":"info","message":"API GATEWAY is running on port: 3000","service":"api-gateway","timestamp":"2025-09-08T16:36:34.076Z"}
{"level":"info","message":"Identity Service is running on port: http://localhost:3001","service":"api-gateway","timestamp":"2025-09-08T16:36:34.080Z"}
{"level":"info","message":"Redis Url is running on port: redis://localhost:6379","service":"api-gateway","timestamp":"2025-09-08T16:36:34.081Z"}
{"level":"info","message":"API GATEWAY is running on port: 3000","service":"api-gateway","timestamp":"2025-09-08T16:36:36.448Z"}
{"level":"info","message":"Identity Service is running on port: http://localhost:3001","service":"api-gateway","timestamp":"2025-09-08T16:36:36.453Z"}
{"level":"info","message":"Redis Url is running on port: redis://localhost:6379","service":"api-gateway","timestamp":"2025-09-08T16:36:36.454Z"}
{"level":"info","message":"API GATEWAY is running on port: 3000","service":"api-gateway","timestamp":"2025-09-08T16:36:45.590Z"}
{"level":"info","message":"Identity Service is running on port: http://localhost:3001","service":"api-gateway","timestamp":"2025-09-08T16:36:45.595Z"}
{"level":"info","message":"Redis Url is running on port: redis://localhost:6379","service":"api-gateway","timestamp":"2025-09-08T16:36:45.596Z"}
{"level":"info","message":"API GATEWAY is running on port: 3000","service":"api-gateway","timestamp":"2025-09-08T16:36:49.279Z"}
{"level":"info","message":"Identity Service is running on port: http://localhost:3001","service":"api-gateway","timestamp":"2025-09-08T16:36:49.284Z"}
{"level":"info","message":"Redis Url is running on port: redis://localhost:6379","service":"api-gateway","timestamp":"2025-09-08T16:36:49.285Z"}
{"level":"info","message":"API GATEWAY is running on port: 3000","service":"api-gateway","timestamp":"2025-09-08T16:37:03.150Z"}
{"level":"info","message":"Identity Service is running on port: http://localhost:3001","service":"api-gateway","timestamp":"2025-09-08T16:37:03.155Z"}
{"level":"info","message":"Redis Url is running on port: redis://localhost:6379","service":"api-gateway","timestamp":"2025-09-08T16:37:03.156Z"}
{"level":"info","message":"API GATEWAY is running on port: 3000","service":"api-gateway","timestamp":"2025-09-08T16:37:10.178Z"}
{"level":"info","message":"Identity Service is running on port: http://localhost:3001","service":"api-gateway","timestamp":"2025-09-08T16:37:10.182Z"}
{"level":"info","message":"Redis Url is running on port: redis://localhost:6379","service":"api-gateway","timestamp":"2025-09-08T16:37:10.183Z"}
{"level":"info","message":"API GATEWAY is running on port: 3000","service":"api-gateway","timestamp":"2025-09-08T16:37:12.391Z"}
{"level":"info","message":"Identity Service is running on port: http://localhost:3001","service":"api-gateway","timestamp":"2025-09-08T16:37:12.400Z"}
{"level":"info","message":"Redis Url is running on port: redis://localhost:6379","service":"api-gateway","timestamp":"2025-09-08T16:37:12.401Z"}
{"level":"info","message":"API GATEWAY is running on port: 3000","service":"api-gateway","timestamp":"2025-09-08T16:37:14.468Z"}
{"level":"info","message":"Identity Service is running on port: http://localhost:3001","service":"api-gateway","timestamp":"2025-09-08T16:37:14.472Z"}
{"level":"info","message":"Redis Url is running on port: redis://localhost:6379","service":"api-gateway","timestamp":"2025-09-08T16:37:14.473Z"}
{"level":"info","message":"API GATEWAY is running on port: 3000","service":"api-gateway","timestamp":"2025-09-08T16:37:16.050Z"}
{"level":"info","message":"Identity Service is running on port: http://localhost:3001","service":"api-gateway","timestamp":"2025-09-08T16:37:16.055Z"}
{"level":"info","message":"Redis Url is running on port: redis://localhost:6379","service":"api-gateway","timestamp":"2025-09-08T16:37:16.055Z"}
{"level":"info","message":"API GATEWAY is running on port: 3000","service":"api-gateway","timestamp":"2025-09-08T16:37:18.195Z"}
{"level":"info","message":"Identity Service is running on port: http://localhost:3001","service":"api-gateway","timestamp":"2025-09-08T16:37:18.201Z"}
{"level":"info","message":"Redis Url is running on port: redis://localhost:6379","service":"api-gateway","timestamp":"2025-09-08T16:37:18.203Z"}
{"level":"info","message":"API GATEWAY is running on port: 3000","service":"api-gateway","timestamp":"2025-09-08T16:37:23.692Z"}
{"level":"info","message":"Identity Service is running on port: http://localhost:3001","service":"api-gateway","timestamp":"2025-09-08T16:37:23.697Z"}
{"level":"info","message":"Redis Url is running on port: redis://localhost:6379","service":"api-gateway","timestamp":"2025-09-08T16:37:23.699Z"}
{"level":"info","message":"API GATEWAY is running on port: 3000","service":"api-gateway","timestamp":"2025-09-08T16:37:29.145Z"}
{"level":"info","message":"Identity Service is running on port: http://localhost:3001","service":"api-gateway","timestamp":"2025-09-08T16:37:29.152Z"}
{"level":"info","message":"Redis Url is running on port: redis://localhost:6379","service":"api-gateway","timestamp":"2025-09-08T16:37:29.153Z"}
{"level":"info","message":"API GATEWAY is running on port: 3000","service":"api-gateway","timestamp":"2025-09-08T16:37:31.395Z"}
{"level":"info","message":"Identity Service is running on port: http://localhost:3001","service":"api-gateway","timestamp":"2025-09-08T16:37:31.399Z"}
{"level":"info","message":"Redis Url is running on port: redis://localhost:6379","service":"api-gateway","timestamp":"2025-09-08T16:37:31.401Z"}
{"level":"info","message":"API GATEWAY is running on port: 3000","service":"api-gateway","timestamp":"2025-09-08T16:37:33.177Z"}
{"level":"info","message":"Identity Service is running on port: http://localhost:3001","service":"api-gateway","timestamp":"2025-09-08T16:37:33.182Z"}
{"level":"info","message":"Redis Url is running on port: redis://localhost:6379","service":"api-gateway","timestamp":"2025-09-08T16:37:33.183Z"}
{"level":"info","message":"API GATEWAY is running on port: 3000","service":"api-gateway","timestamp":"2025-09-08T16:37:36.165Z"}
{"level":"info","message":"Identity Service is running on port: http://localhost:3001","service":"api-gateway","timestamp":"2025-09-08T16:37:36.170Z"}
{"level":"info","message":"Redis Url is running on port: redis://localhost:6379","service":"api-gateway","timestamp":"2025-09-08T16:37:36.171Z"}
{"level":"info","message":"API GATEWAY is running on port: 3000","service":"api-gateway","timestamp":"2025-09-08T16:37:37.951Z"}
{"level":"info","message":"Identity Service is running on port: http://localhost:3001","service":"api-gateway","timestamp":"2025-09-08T16:37:37.955Z"}
{"level":"info","message":"Redis Url is running on port: redis://localhost:6379","service":"api-gateway","timestamp":"2025-09-08T16:37:37.955Z"}
{"level":"info","message":"API GATEWAY is running on port: 3000","service":"api-gateway","timestamp":"2025-09-08T16:37:40.270Z"}
{"level":"info","message":"Identity Service is running on port: http://localhost:3001","service":"api-gateway","timestamp":"2025-09-08T16:37:40.275Z"}
{"level":"info","message":"Redis Url is running on port: redis://localhost:6379","service":"api-gateway","timestamp":"2025-09-08T16:37:40.276Z"}
{"level":"info","message":"API GATEWAY is running on port: 3000","service":"api-gateway","timestamp":"2025-09-08T16:37:42.237Z"}
{"level":"info","message":"Identity Service is running on port: http://localhost:3001","service":"api-gateway","timestamp":"2025-09-08T16:37:42.241Z"}
{"level":"info","message":"Redis Url is running on port: redis://localhost:6379","service":"api-gateway","timestamp":"2025-09-08T16:37:42.242Z"}
{"level":"info","message":"API GATEWAY is running on port: 3000","service":"api-gateway","timestamp":"2025-09-08T16:37:45.235Z"}
{"level":"info","message":"Identity Service is running on port: http://localhost:3001","service":"api-gateway","timestamp":"2025-09-08T16:37:45.239Z"}
{"level":"info","message":"Redis Url is running on port: redis://localhost:6379","service":"api-gateway","timestamp":"2025-09-08T16:37:45.240Z"}
{"level":"info","message":"API GATEWAY is running on port: 3000","service":"api-gateway","timestamp":"2025-09-08T16:37:48.066Z"}
{"level":"info","message":"Identity Service is running on port: http://localhost:3001","service":"api-gateway","timestamp":"2025-09-08T16:37:48.071Z"}
{"level":"info","message":"Redis Url is running on port: redis://localhost:6379","service":"api-gateway","timestamp":"2025-09-08T16:37:48.074Z"}
{"level":"info","message":"API GATEWAY is running on port: 3000","service":"api-gateway","timestamp":"2025-09-08T16:37:57.108Z"}
{"level":"info","message":"Identity Service is running on port: http://localhost:3001","service":"api-gateway","timestamp":"2025-09-08T16:37:57.113Z"}
{"level":"info","message":"Redis Url is running on port: redis://localhost:6379","service":"api-gateway","timestamp":"2025-09-08T16:37:57.114Z"}
{"level":"info","message":"API GATEWAY is running on port: 3000","service":"api-gateway","timestamp":"2025-09-08T16:38:04.402Z"}
{"level":"info","message":"Identity Service is running on port: http://localhost:3001","service":"api-gateway","timestamp":"2025-09-08T16:38:04.406Z"}
{"level":"info","message":"Redis Url is running on port: redis://localhost:6379","service":"api-gateway","timestamp":"2025-09-08T16:38:04.407Z"}
{"level":"info","message":"API GATEWAY is running on port: 3000","service":"api-gateway","timestamp":"2025-09-08T16:38:11.021Z"}
{"level":"info","message":"Identity Service is running on port: http://localhost:3001","service":"api-gateway","timestamp":"2025-09-08T16:38:11.031Z"}
{"level":"info","message":"Redis Url is running on port: redis://localhost:6379","service":"api-gateway","timestamp":"2025-09-08T16:38:11.032Z"}
{"level":"info","message":"API GATEWAY is running on port: 3000","service":"api-gateway","timestamp":"2025-09-08T16:38:18.641Z"}
{"level":"info","message":"Identity Service is running on port: http://localhost:3001","service":"api-gateway","timestamp":"2025-09-08T16:38:18.645Z"}
{"level":"info","message":"Redis Url is running on port: redis://localhost:6379","service":"api-gateway","timestamp":"2025-09-08T16:38:18.646Z"}
{"level":"info","message":"API GATEWAY is running on port: 3000","service":"api-gateway","timestamp":"2025-09-08T16:38:28.915Z"}
{"level":"info","message":"Identity Service is running on port: http://localhost:3001","service":"api-gateway","timestamp":"2025-09-08T16:38:28.921Z"}
{"level":"info","message":"Redis Url is running on port: redis://localhost:6379","service":"api-gateway","timestamp":"2025-09-08T16:38:28.922Z"}
{"level":"info","message":"API GATEWAY is running on port: 3000","service":"api-gateway","timestamp":"2025-09-08T16:38:33.843Z"}
{"level":"info","message":"Identity Service is running on port: http://localhost:3001","service":"api-gateway","timestamp":"2025-09-08T16:38:33.850Z"}
{"level":"info","message":"Redis Url is running on port: redis://localhost:6379","service":"api-gateway","timestamp":"2025-09-08T16:38:33.852Z"}
{"level":"info","message":"API GATEWAY is running on port: 3000","service":"api-gateway","timestamp":"2025-09-08T16:38:35.283Z"}
{"level":"info","message":"Identity Service is running on port: http://localhost:3001","service":"api-gateway","timestamp":"2025-09-08T16:38:35.287Z"}
{"level":"info","message":"Redis Url is running on port: redis://localhost:6379","service":"api-gateway","timestamp":"2025-09-08T16:38:35.288Z"}
{"level":"info","message":"API GATEWAY is running on port: 3000","service":"api-gateway","timestamp":"2025-09-08T16:38:39.064Z"}
{"level":"info","message":"Identity Service is running on port: http://localhost:3001","service":"api-gateway","timestamp":"2025-09-08T16:38:39.070Z"}
{"level":"info","message":"Redis Url is running on port: redis://localhost:6379","service":"api-gateway","timestamp":"2025-09-08T16:38:39.071Z"}
{"level":"info","message":"API GATEWAY is running on port: 3000","service":"api-gateway","timestamp":"2025-09-08T16:39:09.681Z"}
{"level":"info","message":"Identity Service is running on port: http://localhost:3001","service":"api-gateway","timestamp":"2025-09-08T16:39:09.686Z"}
{"level":"info","message":"Redis Url is running on port: redis://localhost:6379","service":"api-gateway","timestamp":"2025-09-08T16:39:09.687Z"}
{"level":"info","message":"API GATEWAY is running on port: 3000","service":"api-gateway","timestamp":"2025-09-08T16:39:13.037Z"}
{"level":"info","message":"Identity Service is running on port: http://localhost:3001","service":"api-gateway","timestamp":"2025-09-08T16:39:13.043Z"}
{"level":"info","message":"Redis Url is running on port: redis://localhost:6379","service":"api-gateway","timestamp":"2025-09-08T16:39:13.044Z"}
{"level":"info","message":"API GATEWAY is running on port: 3000","service":"api-gateway","timestamp":"2025-09-08T16:40:29.234Z"}
{"level":"info","message":"Identity Service is running on port: http://localhost:3001","service":"api-gateway","timestamp":"2025-09-08T16:40:29.237Z"}
{"level":"info","message":"Redis Url is running on port: redis://localhost:6379","service":"api-gateway","timestamp":"2025-09-08T16:40:29.238Z"}
{"level":"info","message":"API GATEWAY is running on port: 3000","service":"api-gateway","timestamp":"2025-09-08T16:40:32.200Z"}
{"level":"info","message":"Identity Service is running on port: http://localhost:3001","service":"api-gateway","timestamp":"2025-09-08T16:40:32.203Z"}
{"level":"info","message":"Redis Url is running on port: redis://localhost:6379","service":"api-gateway","timestamp":"2025-09-08T16:40:32.204Z"}
{"level":"info","message":"API GATEWAY is running on port: 3000","service":"api-gateway","timestamp":"2025-09-08T16:40:35.530Z"}
{"level":"info","message":"Identity Service is running on port: http://localhost:3001","service":"api-gateway","timestamp":"2025-09-08T16:40:35.532Z"}
{"level":"info","message":"Redis Url is running on port: redis://localhost:6379","service":"api-gateway","timestamp":"2025-09-08T16:40:35.533Z"}
{"level":"info","message":"API GATEWAY is running on port: 3000","service":"api-gateway","timestamp":"2025-09-08T16:40:38.009Z"}
{"level":"info","message":"Identity Service is running on port: http://localhost:3001","service":"api-gateway","timestamp":"2025-09-08T16:40:38.012Z"}
{"level":"info","message":"Redis Url is running on port: redis://localhost:6379","service":"api-gateway","timestamp":"2025-09-08T16:40:38.012Z"}
{"level":"info","message":"API GATEWAY is running on port: 3000","service":"api-gateway","timestamp":"2025-09-08T16:40:43.236Z"}
{"level":"info","message":"Identity Service is running on port: http://localhost:3001","service":"api-gateway","timestamp":"2025-09-08T16:40:43.243Z"}
{"level":"info","message":"Redis Url is running on port: redis://localhost:6379","service":"api-gateway","timestamp":"2025-09-08T16:40:43.243Z"}
{"level":"info","message":"API GATEWAY is running on port: 3000","service":"api-gateway","timestamp":"2025-09-08T16:40:47.781Z"}
{"level":"info","message":"Identity Service is running on port: http://localhost:3001","service":"api-gateway","timestamp":"2025-09-08T16:40:47.784Z"}
{"level":"info","message":"Redis Url is running on port: redis://localhost:6379","service":"api-gateway","timestamp":"2025-09-08T16:40:47.784Z"}
{"level":"info","message":"API GATEWAY is running on port: 3000","service":"api-gateway","timestamp":"2025-09-08T16:41:11.456Z"}
{"level":"info","message":"Identity Service is running on port: http://localhost:3001","service":"api-gateway","timestamp":"2025-09-08T16:41:11.458Z"}
{"level":"info","message":"Redis Url is running on port: redis://localhost:6379","service":"api-gateway","timestamp":"2025-09-08T16:41:11.459Z"}
{"level":"info","message":"API GATEWAY is running on port: 3000","service":"api-gateway","timestamp":"2025-09-08T16:41:13.724Z"}
{"level":"info","message":"Identity Service is running on port: http://localhost:3001","service":"api-gateway","timestamp":"2025-09-08T16:41:13.726Z"}
{"level":"info","message":"Redis Url is running on port: redis://localhost:6379","service":"api-gateway","timestamp":"2025-09-08T16:41:13.727Z"}
{"level":"info","message":"API GATEWAY is running on port: 3000","service":"api-gateway","timestamp":"2025-09-08T16:41:18.564Z"}
{"level":"info","message":"Identity Service is running on port: http://localhost:3001","service":"api-gateway","timestamp":"2025-09-08T16:41:18.567Z"}
{"level":"info","message":"Redis Url is running on port: redis://localhost:6379","service":"api-gateway","timestamp":"2025-09-08T16:41:18.568Z"}
{"level":"info","message":"API GATEWAY is running on port: 3000","service":"api-gateway","timestamp":"2025-09-08T16:41:58.317Z"}
{"level":"info","message":"Identity Service is running on port: http://localhost:3001","service":"api-gateway","timestamp":"2025-09-08T16:41:58.320Z"}
{"level":"info","message":"Redis Url is running on port: redis://localhost:6379","service":"api-gateway","timestamp":"2025-09-08T16:41:58.320Z"}
{"level":"info","message":"API GATEWAY is running on port: 3000","service":"api-gateway","timestamp":"2025-09-08T16:42:02.234Z"}
{"level":"info","message":"Identity Service is running on port: http://localhost:3001","service":"api-gateway","timestamp":"2025-09-08T16:42:02.236Z"}
{"level":"info","message":"Redis Url is running on port: redis://localhost:6379","service":"api-gateway","timestamp":"2025-09-08T16:42:02.237Z"}
{"level":"info","message":"API GATEWAY is running on port: 3000","service":"api-gateway","timestamp":"2025-09-08T16:42:05.386Z"}
{"level":"info","message":"Identity Service is running on port: http://localhost:3001","service":"api-gateway","timestamp":"2025-09-08T16:42:05.390Z"}
{"level":"info","message":"Redis Url is running on port: redis://localhost:6379","service":"api-gateway","timestamp":"2025-09-08T16:42:05.391Z"}
{"level":"info","message":"API GATEWAY is running on port: 3000","service":"api-gateway","timestamp":"2025-09-08T16:42:09.430Z"}
{"level":"info","message":"Identity Service is running on port: http://localhost:3001","service":"api-gateway","timestamp":"2025-09-08T16:42:09.433Z"}
{"level":"info","message":"Redis Url is running on port: redis://localhost:6379","service":"api-gateway","timestamp":"2025-09-08T16:42:09.433Z"}
{"level":"info","message":"API GATEWAY is running on port: 3000","service":"api-gateway","timestamp":"2025-09-08T16:42:10.828Z"}
{"level":"info","message":"Identity Service is running on port: http://localhost:3001","service":"api-gateway","timestamp":"2025-09-08T16:42:10.830Z"}
{"level":"info","message":"Redis Url is running on port: redis://localhost:6379","service":"api-gateway","timestamp":"2025-09-08T16:42:10.831Z"}
{"level":"info","message":"API GATEWAY is running on port: 3000","service":"api-gateway","timestamp":"2025-09-08T16:42:21.985Z"}
{"level":"info","message":"Identity Service is running on port: http://localhost:3001","service":"api-gateway","timestamp":"2025-09-08T16:42:21.987Z"}
{"level":"info","message":"Redis Url is running on port: redis://localhost:6379","service":"api-gateway","timestamp":"2025-09-08T16:42:21.988Z"}
{"level":"info","message":"API GATEWAY is running on port: 3000","service":"api-gateway","timestamp":"2025-09-08T16:42:48.815Z"}
{"level":"info","message":"Identity Service is running on port: http://localhost:3001","service":"api-gateway","timestamp":"2025-09-08T16:42:48.818Z"}
{"level":"info","message":"Redis Url is running on port: redis://localhost:6379","service":"api-gateway","timestamp":"2025-09-08T16:42:48.818Z"}
{"level":"info","message":"API GATEWAY is running on port: 3000","service":"api-gateway","timestamp":"2025-09-08T16:42:52.929Z"}
{"level":"info","message":"Identity Service is running on port: http://localhost:3001","service":"api-gateway","timestamp":"2025-09-08T16:42:52.932Z"}
{"level":"info","message":"Redis Url is running on port: redis://localhost:6379","service":"api-gateway","timestamp":"2025-09-08T16:42:52.932Z"}
{"level":"info","message":"API GATEWAY is running on port: 3000","service":"api-gateway","timestamp":"2025-09-08T16:42:55.407Z"}
{"level":"info","message":"Identity Service is running on port: http://localhost:3001","service":"api-gateway","timestamp":"2025-09-08T16:42:55.411Z"}
{"level":"info","message":"Redis Url is running on port: redis://localhost:6379","service":"api-gateway","timestamp":"2025-09-08T16:42:55.412Z"}
{"level":"info","message":"API GATEWAY is running on port: 3000","service":"api-gateway","timestamp":"2025-09-08T16:43:27.040Z"}
{"level":"info","message":"Identity Service is running on port: http://localhost:3001","service":"api-gateway","timestamp":"2025-09-08T16:43:27.043Z"}
{"level":"info","message":"Redis Url is running on port: redis://localhost:6379","service":"api-gateway","timestamp":"2025-09-08T16:43:27.044Z"}
{"level":"info","message":"API GATEWAY is running on port: 3000","service":"api-gateway","timestamp":"2025-09-08T16:43:31.139Z"}
{"level":"info","message":"Identity Service is running on port: http://localhost:3001","service":"api-gateway","timestamp":"2025-09-08T16:43:31.141Z"}
{"level":"info","message":"Redis Url is running on port: redis://localhost:6379","service":"api-gateway","timestamp":"2025-09-08T16:43:31.142Z"}
{"level":"info","message":"API GATEWAY is running on port: 3000","service":"api-gateway","timestamp":"2025-09-08T16:43:34.034Z"}
{"level":"info","message":"Identity Service is running on port: http://localhost:3001","service":"api-gateway","timestamp":"2025-09-08T16:43:34.037Z"}
{"level":"info","message":"Redis Url is running on port: redis://localhost:6379","service":"api-gateway","timestamp":"2025-09-08T16:43:34.037Z"}
{"level":"info","message":"API GATEWAY is running on port: 3000","service":"api-gateway","timestamp":"2025-09-08T16:43:41.428Z"}
{"level":"info","message":"Identity Service is running on port: http://localhost:3001","service":"api-gateway","timestamp":"2025-09-08T16:43:41.430Z"}
{"level":"info","message":"Redis Url is running on port: redis://localhost:6379","service":"api-gateway","timestamp":"2025-09-08T16:43:41.431Z"}
{"level":"info","message":"API GATEWAY is running on port: 3000","service":"api-gateway","timestamp":"2025-09-08T16:43:44.510Z"}
{"level":"info","message":"Identity Service is running on port: http://localhost:3001","service":"api-gateway","timestamp":"2025-09-08T16:43:44.512Z"}
{"level":"info","message":"Redis Url is running on port: redis://localhost:6379","service":"api-gateway","timestamp":"2025-09-08T16:43:44.513Z"}
{"level":"info","message":"API GATEWAY is running on port: 3000","service":"api-gateway","timestamp":"2025-09-08T16:43:49.808Z"}
{"level":"info","message":"Identity Service is running on port: http://localhost:3001","service":"api-gateway","timestamp":"2025-09-08T16:43:49.810Z"}
{"level":"info","message":"Redis Url is running on port: redis://localhost:6379","service":"api-gateway","timestamp":"2025-09-08T16:43:49.811Z"}
{"level":"info","message":"API GATEWAY is running on port: 3000","service":"api-gateway","timestamp":"2025-09-08T16:43:51.795Z"}
{"level":"info","message":"Identity Service is running on port: http://localhost:3001","service":"api-gateway","timestamp":"2025-09-08T16:43:51.799Z"}
{"level":"info","message":"Redis Url is running on port: redis://localhost:6379","service":"api-gateway","timestamp":"2025-09-08T16:43:51.799Z"}
{"level":"info","message":"API GATEWAY is running on port: 3000","service":"api-gateway","timestamp":"2025-09-08T16:43:55.743Z"}
{"level":"info","message":"Identity Service is running on port: http://localhost:3001","service":"api-gateway","timestamp":"2025-09-08T16:43:55.745Z"}
{"level":"info","message":"Redis Url is running on port: redis://localhost:6379","service":"api-gateway","timestamp":"2025-09-08T16:43:55.746Z"}
{"level":"info","message":"API GATEWAY is running on port: 3000","service":"api-gateway","timestamp":"2025-09-08T16:44:33.373Z"}
{"level":"info","message":"Identity Service is running on port: http://localhost:3001","service":"api-gateway","timestamp":"2025-09-08T16:44:33.376Z"}
{"level":"info","message":"Redis Url is running on port: redis://localhost:6379","service":"api-gateway","timestamp":"2025-09-08T16:44:33.377Z"}
{"level":"info","message":"API GATEWAY is running on port: 3000","service":"api-gateway","timestamp":"2025-09-08T16:44:33.824Z"}
{"level":"info","message":"Identity Service is running on port: http://localhost:3001","service":"api-gateway","timestamp":"2025-09-08T16:44:33.828Z"}
{"level":"info","message":"Redis Url is running on port: redis://localhost:6379","service":"api-gateway","timestamp":"2025-09-08T16:44:33.828Z"}
{"level":"info","message":"API GATEWAY is running on port: 3000","service":"api-gateway","timestamp":"2025-09-08T16:45:02.243Z"}
{"level":"info","message":"Identity Service is running on port: http://localhost:3001","service":"api-gateway","timestamp":"2025-09-08T16:45:02.246Z"}
{"level":"info","message":"Identity Service is running on port: http://localhost:3001","service":"api-gateway","timestamp":"2025-09-08T16:45:02.246Z"}
{"level":"info","message":"Redis Url is running on port: redis://localhost:6379","service":"api-gateway","timestamp":"2025-09-08T16:45:02.247Z"}
{"level":"info","message":"API GATEWAY is running on port: 3000","service":"api-gateway","timestamp":"2025-09-08T16:45:12.772Z"}
{"level":"info","message":"Identity Service is running on port: http://localhost:3001","service":"api-gateway","timestamp":"2025-09-08T16:45:12.775Z"}
{"level":"info","message":"Identity Service is running on port: http://localhost:3002","service":"api-gateway","timestamp":"2025-09-08T16:45:12.775Z"}
{"level":"info","message":"Redis Url is running on port: redis://localhost:6379","service":"api-gateway","timestamp":"2025-09-08T16:45:12.775Z"}
{"level":"info","message":"API GATEWAY is running on port: 3000","service":"api-gateway","timestamp":"2025-09-08T16:45:17.656Z"}
{"level":"info","message":"Identity Service is running on port: http://localhost:3001","service":"api-gateway","timestamp":"2025-09-08T16:45:17.659Z"}
{"level":"info","message":"Post Service is running on port: http://localhost:3002","service":"api-gateway","timestamp":"2025-09-08T16:45:17.659Z"}
{"level":"info","message":"Redis Url is running on port: redis://localhost:6379","service":"api-gateway","timestamp":"2025-09-08T16:45:17.659Z"}
{"level":"info","message":"API GATEWAY is running on port: 3000","service":"api-gateway","timestamp":"2025-09-08T16:45:30.847Z"}
{"level":"info","message":"Identity Service is running on port: http://localhost:3001","service":"api-gateway","timestamp":"2025-09-08T16:45:30.849Z"}
{"level":"info","message":"Post Service is running on port: http://localhost:3002","service":"api-gateway","timestamp":"2025-09-08T16:45:30.850Z"}
{"level":"info","message":"Redis Url is running on port: redis://localhost:6379","service":"api-gateway","timestamp":"2025-09-08T16:45:30.850Z"}
{"level":"info","message":"Received POST request to /v1/post/create-post","service":"api-gateway","timestamp":"2025-09-08T17:50:58.147Z"}
{"level":"info","message":"Request body, [object Object]","service":"api-gateway","timestamp":"2025-09-08T17:50:58.147Z"}
{"level":"info","message":"API GATEWAY is running on port: 3000","service":"api-gateway","timestamp":"2025-09-08T17:52:03.355Z"}
{"level":"info","message":"Identity Service is running on port: http://localhost:3001","service":"api-gateway","timestamp":"2025-09-08T17:52:03.357Z"}
{"level":"info","message":"Post Service is running on port: http://localhost:3002","service":"api-gateway","timestamp":"2025-09-08T17:52:03.358Z"}
{"level":"info","message":"Redis Url is running on port: redis://localhost:6379","service":"api-gateway","timestamp":"2025-09-08T17:52:03.358Z"}
{"level":"info","message":"API GATEWAY is running on port: 3000","service":"api-gateway","timestamp":"2025-09-08T17:56:10.876Z"}
{"level":"info","message":"Identity Service is running on port: http://localhost:3001","service":"api-gateway","timestamp":"2025-09-08T17:56:10.881Z"}
{"level":"info","message":"Post Service is running on port: http://localhost:3002","service":"api-gateway","timestamp":"2025-09-08T17:56:10.882Z"}
{"level":"info","message":"Redis Url is running on port: redis://localhost:6379","service":"api-gateway","timestamp":"2025-09-08T17:56:10.883Z"}
{"level":"info","message":"API GATEWAY is running on port: 3000","service":"api-gateway","timestamp":"2025-09-08T17:56:33.211Z"}
{"level":"info","message":"Identity Service is running on port: http://localhost:3001","service":"api-gateway","timestamp":"2025-09-08T17:56:33.214Z"}
{"level":"info","message":"Post Service is running on port: http://localhost:3002","service":"api-gateway","timestamp":"2025-09-08T17:56:33.215Z"}
{"level":"info","message":"Redis Url is running on port: redis://localhost:6379","service":"api-gateway","timestamp":"2025-09-08T17:56:33.215Z"}
{"level":"info","message":"API GATEWAY is running on port: 3000","service":"api-gateway","timestamp":"2025-09-08T17:59:25.385Z"}
{"level":"info","message":"Identity Service is running on port: http://localhost:3001","service":"api-gateway","timestamp":"2025-09-08T17:59:25.387Z"}
{"level":"info","message":"Post Service is running on port: http://localhost:3002","service":"api-gateway","timestamp":"2025-09-08T17:59:25.388Z"}
{"level":"info","message":"Redis Url is running on port: redis://localhost:6379","service":"api-gateway","timestamp":"2025-09-08T17:59:25.388Z"}
{"level":"info","message":"Received POST request to /v1/post/create-post","service":"api-gateway","timestamp":"2025-09-08T18:00:07.922Z"}
{"level":"info","message":"Request body, [object Object]","service":"api-gateway","timestamp":"2025-09-08T18:00:07.925Z"}
{"level":"info","message":"Received POST request to /v1/posts/create-post","service":"api-gateway","timestamp":"2025-09-08T18:00:26.126Z"}
{"level":"info","message":"Request body, [object Object]","service":"api-gateway","timestamp":"2025-09-08T18:00:26.127Z"}
{"level":"warn","message":"Access attempted without valid token","service":"api-gateway","timestamp":"2025-09-08T18:00:26.128Z"}
{"level":"info","message":"Received POST request to /v1/posts/create-post","service":"api-gateway","timestamp":"2025-09-08T18:01:11.142Z"}
{"level":"info","message":"Request body, [object Object]","service":"api-gateway","timestamp":"2025-09-08T18:01:11.144Z"}
{"level":"warn","message":"Invalid","service":"api-gateway","timestamp":"2025-09-08T18:01:11.146Z"}
{"level":"info","message":"Received POST request to /v1/posts/create-post","service":"api-gateway","timestamp":"2025-09-08T18:01:49.998Z"}
{"level":"info","message":"Request body, [object Object]","service":"api-gateway","timestamp":"2025-09-08T18:01:49.998Z"}
{"level":"warn","message":"Invalid","service":"api-gateway","timestamp":"2025-09-08T18:01:49.999Z"}
{"level":"info","message":"Received POST request to /v1/posts/create-post","service":"api-gateway","timestamp":"2025-09-08T18:02:25.082Z"}
{"level":"info","message":"Request body, [object Object]","service":"api-gateway","timestamp":"2025-09-08T18:02:25.083Z"}
{"level":"warn","message":"Invalid","service":"api-gateway","timestamp":"2025-09-08T18:02:25.083Z"}
{"level":"info","message":"Received POST request to /v1/posts/create-post","service":"api-gateway","timestamp":"2025-09-08T18:09:04.703Z"}
{"level":"info","message":"Request body, [object Object]","service":"api-gateway","timestamp":"2025-09-08T18:09:04.704Z"}
{"level":"warn","message":"Invalid","service":"api-gateway","timestamp":"2025-09-08T18:09:04.704Z"}
{"level":"info","message":"Received POST request to /v1/posts/create-post","service":"api-gateway","timestamp":"2025-09-08T18:09:29.291Z"}
{"level":"info","message":"Request body, [object Object]","service":"api-gateway","timestamp":"2025-09-08T18:09:29.298Z"}
{"level":"warn","message":"Invalid","service":"api-gateway","timestamp":"2025-09-08T18:09:29.298Z"}
{"level":"info","message":"Received POST request to /v1/posts/create-post","service":"api-gateway","timestamp":"2025-09-08T18:09:37.442Z"}
{"level":"info","message":"Request body, [object Object]","service":"api-gateway","timestamp":"2025-09-08T18:09:37.443Z"}
{"level":"warn","message":"Invalid","service":"api-gateway","timestamp":"2025-09-08T18:09:37.444Z"}
{"level":"info","message":"Received POST request to /v1/posts/create-post","service":"api-gateway","timestamp":"2025-09-08T18:12:52.365Z"}
{"level":"info","message":"Request body, [object Object]","service":"api-gateway","timestamp":"2025-09-08T18:12:52.365Z"}
{"level":"warn","message":"Invalid","service":"api-gateway","timestamp":"2025-09-08T18:12:52.365Z"}
{"level":"info","message":"Received POST request to /v1/posts/create-post","service":"api-gateway","timestamp":"2025-09-08T18:13:19.526Z"}
{"level":"info","message":"Request body, [object Object]","service":"api-gateway","timestamp":"2025-09-08T18:13:19.527Z"}
{"level":"warn","message":"Invalid","service":"api-gateway","timestamp":"2025-09-08T18:13:19.527Z"}
{"level":"info","message":"API GATEWAY is running on port: 3000","service":"api-gateway","timestamp":"2025-09-08T18:16:24.489Z"}
{"level":"info","message":"Identity Service is running on port: http://localhost:3001","service":"api-gateway","timestamp":"2025-09-08T18:16:24.492Z"}
{"level":"info","message":"Post Service is running on port: http://localhost:3002","service":"api-gateway","timestamp":"2025-09-08T18:16:24.493Z"}
{"level":"info","message":"Redis Url is running on port: redis://localhost:6379","service":"api-gateway","timestamp":"2025-09-08T18:16:24.493Z"}
{"level":"info","message":"API GATEWAY is running on port: 3000","service":"api-gateway","timestamp":"2025-09-08T18:17:02.475Z"}
{"level":"info","message":"Identity Service is running on port: http://localhost:3001","service":"api-gateway","timestamp":"2025-09-08T18:17:02.478Z"}
{"level":"info","message":"Post Service is running on port: http://localhost:3002","service":"api-gateway","timestamp":"2025-09-08T18:17:02.478Z"}
{"level":"info","message":"Redis Url is running on port: redis://localhost:6379","service":"api-gateway","timestamp":"2025-09-08T18:17:02.478Z"}
{"level":"info","message":"Received POST request to /v1/posts/create-post","service":"api-gateway","timestamp":"2025-09-08T18:17:04.939Z"}
{"level":"info","message":"Request body, [object Object]","service":"api-gateway","timestamp":"2025-09-08T18:17:04.942Z"}
{"level":"info","message":"Response received from Post service: 404","service":"api-gateway","timestamp":"2025-09-08T18:17:04.998Z"}
{"level":"info","message":"Received POST request to /v1/post/create-post","service":"api-gateway","timestamp":"2025-09-08T18:18:46.651Z"}
{"level":"info","message":"Request body, [object Object]","service":"api-gateway","timestamp":"2025-09-08T18:18:46.653Z"}
{"level":"info","message":"API GATEWAY is running on port: 3000","service":"api-gateway","timestamp":"2025-09-08T18:19:09.745Z"}
{"level":"info","message":"Identity Service is running on port: http://localhost:3001","service":"api-gateway","timestamp":"2025-09-08T18:19:09.748Z"}
{"level":"info","message":"Post Service is running on port: http://localhost:3002","service":"api-gateway","timestamp":"2025-09-08T18:19:09.748Z"}
{"level":"info","message":"Redis Url is running on port: redis://localhost:6379","service":"api-gateway","timestamp":"2025-09-08T18:19:09.749Z"}
{"level":"info","message":"Received POST request to /v1/post/create-post","service":"api-gateway","timestamp":"2025-09-08T18:19:13.341Z"}
{"level":"info","message":"Request body, [object Object]","service":"api-gateway","timestamp":"2025-09-08T18:19:13.341Z"}
{"level":"info","message":"Response received from Post service: 500","service":"api-gateway","timestamp":"2025-09-08T18:19:13.359Z"}
{"level":"info","message":"Received POST request to /v1/post/create-post","service":"api-gateway","timestamp":"2025-09-08T18:20:29.038Z"}
{"level":"info","message":"Request body, [object Object]","service":"api-gateway","timestamp":"2025-09-08T18:20:29.038Z"}
{"level":"info","message":"Response received from Post service: 500","service":"api-gateway","timestamp":"2025-09-08T18:20:29.066Z"}
{"level":"info","message":"Received POST request to /v1/post/create-post","service":"api-gateway","timestamp":"2025-09-08T18:37:56.391Z"}
{"level":"info","message":"Request body, [object Object]","service":"api-gateway","timestamp":"2025-09-08T18:37:56.391Z"}
{"level":"info","message":"Response received from Post service: 201","service":"api-gateway","timestamp":"2025-09-08T18:37:56.509Z"}
{"level":"info","message":"API GATEWAY is running on port: 3000","service":"api-gateway","timestamp":"2025-09-08T18:54:16.336Z"}
{"level":"info","message":"Identity Service is running on port: http://localhost:3001","service":"api-gateway","timestamp":"2025-09-08T18:54:16.339Z"}
{"level":"info","message":"Post Service is running on port: http://localhost:3002","service":"api-gateway","timestamp":"2025-09-08T18:54:16.339Z"}
{"level":"info","message":"Redis Url is running on port: redis://localhost:6379","service":"api-gateway","timestamp":"2025-09-08T18:54:16.340Z"}
{"level":"info","message":"Received GET request to /v1/post/all-posts","service":"api-gateway","timestamp":"2025-09-08T18:56:14.869Z"}
{"level":"info","message":"Request body, undefined","service":"api-gateway","timestamp":"2025-09-08T18:56:14.870Z"}
{"level":"warn","message":"Access attempted without valid token","service":"api-gateway","timestamp":"2025-09-08T18:56:14.871Z"}
{"level":"info","message":"Received GET request to /v1/post/all-posts","service":"api-gateway","timestamp":"2025-09-08T18:56:30.308Z"}
{"level":"info","message":"Request body, undefined","service":"api-gateway","timestamp":"2025-09-08T18:56:30.308Z"}
{"level":"info","message":"Received GET request to /v1/post/all-posts","service":"api-gateway","timestamp":"2025-09-08T18:59:06.587Z"}
{"level":"info","message":"Request body, undefined","service":"api-gateway","timestamp":"2025-09-08T18:59:06.591Z"}
{"level":"info","message":"API GATEWAY is running on port: 3000","service":"api-gateway","timestamp":"2025-09-08T18:59:25.792Z"}
{"level":"info","message":"Identity Service is running on port: http://localhost:3001","service":"api-gateway","timestamp":"2025-09-08T18:59:25.799Z"}
{"level":"info","message":"Post Service is running on port: http://localhost:3002","service":"api-gateway","timestamp":"2025-09-08T18:59:25.800Z"}
{"level":"info","message":"Redis Url is running on port: redis://localhost:6379","service":"api-gateway","timestamp":"2025-09-08T18:59:25.802Z"}
{"level":"info","message":"Received GET request to /v1/post/all-posts","service":"api-gateway","timestamp":"2025-09-08T18:59:37.134Z"}
{"level":"info","message":"Request body, undefined","service":"api-gateway","timestamp":"2025-09-08T18:59:37.135Z"}
{"level":"info","message":"Received POST request to /v1/post/create-post","service":"api-gateway","timestamp":"2025-09-08T19:00:22.253Z"}
{"level":"info","message":"Request body, [object Object]","service":"api-gateway","timestamp":"2025-09-08T19:00:22.253Z"}
{"level":"info","message":"Response received from Post service: 201","service":"api-gateway","timestamp":"2025-09-08T19:00:22.389Z"}
{"level":"info","message":"Received POST request to /v1/post/create-post","service":"api-gateway","timestamp":"2025-09-08T19:00:29.175Z"}
{"level":"info","message":"Request body, [object Object]","service":"api-gateway","timestamp":"2025-09-08T19:00:29.176Z"}
{"level":"info","message":"Response received from Post service: 201","service":"api-gateway","timestamp":"2025-09-08T19:00:29.331Z"}
{"level":"error","message":"Proxy error:read ECONNRESET","service":"api-gateway","timestamp":"2025-09-08T19:01:28.997Z"}
{"level":"info","message":"Received GET request to /v1/post/all-posts","service":"api-gateway","timestamp":"2025-09-08T19:01:48.859Z"}
{"level":"info","message":"Request body, undefined","service":"api-gateway","timestamp":"2025-09-08T19:01:48.859Z"}
{"level":"error","message":"Proxy error:","service":"api-gateway","timestamp":"2025-09-08T19:01:48.863Z"}
{"level":"info","message":"Received GET request to /v1/post/all-posts","service":"api-gateway","timestamp":"2025-09-08T19:02:15.037Z"}
{"level":"info","message":"Request body, undefined","service":"api-gateway","timestamp":"2025-09-08T19:02:15.037Z"}
{"level":"error","message":"Proxy error:","service":"api-gateway","timestamp":"2025-09-08T19:02:15.040Z"}
{"level":"info","message":"Received GET request to /v1/post/all-posts","service":"api-gateway","timestamp":"2025-09-08T19:02:26.327Z"}
{"level":"info","message":"Request body, undefined","service":"api-gateway","timestamp":"2025-09-08T19:02:26.327Z"}
{"level":"error","message":"Proxy error:","service":"api-gateway","timestamp":"2025-09-08T19:02:26.335Z"}
{"level":"info","message":"Received GET request to /v1/post/all-posts","service":"api-gateway","timestamp":"2025-09-08T19:04:41.129Z"}
{"level":"info","message":"Request body, undefined","service":"api-gateway","timestamp":"2025-09-08T19:04:41.130Z"}
{"level":"info","message":"Response received from Post service: 200","service":"api-gateway","timestamp":"2025-09-08T19:04:41.437Z"}
{"level":"info","message":"API GATEWAY is running on port: 3000","service":"api-gateway","timestamp":"2025-09-09T03:11:21.011Z"}
{"level":"info","message":"Identity Service is running on port: http://localhost:3001","service":"api-gateway","timestamp":"2025-09-09T03:11:21.013Z"}
{"level":"info","message":"Post Service is running on port: http://localhost:3002","service":"api-gateway","timestamp":"2025-09-09T03:11:21.014Z"}
{"level":"info","message":"Redis Url is running on port: redis://localhost:6379","service":"api-gateway","timestamp":"2025-09-09T03:11:21.015Z"}
{"level":"info","message":"Received GET request to /v1/post/all-posts","service":"api-gateway","timestamp":"2025-09-09T03:12:08.516Z"}
{"level":"info","message":"Request body, undefined","service":"api-gateway","timestamp":"2025-09-09T03:12:08.518Z"}
{"level":"info","message":"Response received from Post service: 200","service":"api-gateway","timestamp":"2025-09-09T03:12:08.744Z"}
{"level":"info","message":"Received GET request to /v1/post/all-posts","service":"api-gateway","timestamp":"2025-09-09T03:12:17.706Z"}
{"level":"info","message":"Request body, undefined","service":"api-gateway","timestamp":"2025-09-09T03:12:17.706Z"}
{"level":"info","message":"Response received from Post service: 200","service":"api-gateway","timestamp":"2025-09-09T03:12:17.713Z"}
{"level":"info","message":"Received POST request to /v1/post/create-post","service":"api-gateway","timestamp":"2025-09-09T03:25:31.248Z"}
{"level":"info","message":"Request body, [object Object]","service":"api-gateway","timestamp":"2025-09-09T03:25:31.249Z"}
{"level":"info","message":"Response received from Post service: 201","service":"api-gateway","timestamp":"2025-09-09T03:25:31.383Z"}
{"level":"info","message":"Received GET request to /v1/post/all-posts","service":"api-gateway","timestamp":"2025-09-09T03:25:35.301Z"}
{"level":"info","message":"Request body, undefined","service":"api-gateway","timestamp":"2025-09-09T03:25:35.302Z"}
{"level":"info","message":"Response received from Post service: 200","service":"api-gateway","timestamp":"2025-09-09T03:25:35.476Z"}
{"level":"info","message":"Received GET request to /v1/post/all-posts","service":"api-gateway","timestamp":"2025-09-09T03:25:39.060Z"}
{"level":"info","message":"Request body, undefined","service":"api-gateway","timestamp":"2025-09-09T03:25:39.061Z"}
{"level":"info","message":"Response received from Post service: 200","service":"api-gateway","timestamp":"2025-09-09T03:25:39.079Z"}
{"level":"info","message":"Received GET request to /v1/post/68bf9e2b1733be393cc79395","service":"api-gateway","timestamp":"2025-09-09T03:32:26.362Z"}
{"level":"info","message":"Request body, undefined","service":"api-gateway","timestamp":"2025-09-09T03:32:26.363Z"}
{"level":"info","message":"Response received from Post service: 500","service":"api-gateway","timestamp":"2025-09-09T03:32:26.418Z"}
{"level":"info","message":"Received GET request to /v1/post/68bf9e2b1733be393cc79395","service":"api-gateway","timestamp":"2025-09-09T03:36:16.562Z"}
{"level":"info","message":"Request body, undefined","service":"api-gateway","timestamp":"2025-09-09T03:36:16.562Z"}
{"level":"info","message":"Response received from Post service: 200","service":"api-gateway","timestamp":"2025-09-09T03:36:16.642Z"}
{"level":"info","message":"Received GET request to /v1/post/68bf9e2b1733be393cc79395","service":"api-gateway","timestamp":"2025-09-09T03:36:23.413Z"}
{"level":"info","message":"Request body, undefined","service":"api-gateway","timestamp":"2025-09-09T03:36:23.414Z"}
{"level":"info","message":"Response received from Post service: 200","service":"api-gateway","timestamp":"2025-09-09T03:36:23.421Z"}
{"level":"info","message":"Received GET request to /v1/post/68bf9e2b1733be393cc79395","service":"api-gateway","timestamp":"2025-09-09T03:36:25.416Z"}
{"level":"info","message":"Request body, undefined","service":"api-gateway","timestamp":"2025-09-09T03:36:25.417Z"}
{"level":"info","message":"Response received from Post service: 200","service":"api-gateway","timestamp":"2025-09-09T03:36:25.424Z"}
{"level":"info","message":"Received GET request to /v1/post/68bf9e2b1733be393cc79395","service":"api-gateway","timestamp":"2025-09-09T03:44:12.604Z"}
{"level":"info","message":"Request body, undefined","service":"api-gateway","timestamp":"2025-09-09T03:44:12.608Z"}
{"level":"info","message":"Response received from Post service: 200","service":"api-gateway","timestamp":"2025-09-09T03:44:12.674Z"}
{"level":"info","message":"Received DELETE request to /v1/post/68bf9e2b1733be393cc79395","service":"api-gateway","timestamp":"2025-09-09T03:44:19.208Z"}
{"level":"info","message":"Request body, undefined","service":"api-gateway","timestamp":"2025-09-09T03:44:19.209Z"}
{"level":"info","message":"Response received from Post service: 200","service":"api-gateway","timestamp":"2025-09-09T03:44:19.373Z"}
{"level":"info","message":"Received GET request to /v1/post/all-posts","service":"api-gateway","timestamp":"2025-09-09T03:44:26.613Z"}
{"level":"info","message":"Request body, undefined","service":"api-gateway","timestamp":"2025-09-09T03:44:26.613Z"}
{"level":"info","message":"Response received from Post service: 200","service":"api-gateway","timestamp":"2025-09-09T03:44:26.842Z"}
{"level":"info","message":"Received GET request to /v1/post/68bf9e2b1733be393cc79395","service":"api-gateway","timestamp":"2025-09-09T03:44:59.257Z"}
{"level":"info","message":"Request body, undefined","service":"api-gateway","timestamp":"2025-09-09T03:44:59.258Z"}
{"level":"info","message":"Response received from Post service: 404","service":"api-gateway","timestamp":"2025-09-09T03:44:59.399Z"}
{"level":"info","message":"API GATEWAY is running on port: 3000","service":"api-gateway","timestamp":"2025-09-09T04:54:53.526Z"}
{"level":"info","message":"Identity Service is running on port: http://localhost:3001","service":"api-gateway","timestamp":"2025-09-09T04:54:53.531Z"}
{"level":"info","message":"Post Service is running on port: http://localhost:3002","service":"api-gateway","timestamp":"2025-09-09T04:54:53.532Z"}
{"level":"info","message":"Redis Url is running on port: redis://localhost:6379","service":"api-gateway","timestamp":"2025-09-09T04:54:53.532Z"}
{"level":"info","message":"API GATEWAY is running on port: 3000","service":"api-gateway","timestamp":"2025-09-09T04:55:00.771Z"}
{"level":"info","message":"Identity Service is running on port: http://localhost:3001","service":"api-gateway","timestamp":"2025-09-09T04:55:00.776Z"}
{"level":"info","message":"Post Service is running on port: http://localhost:3002","service":"api-gateway","timestamp":"2025-09-09T04:55:00.777Z"}
{"level":"info","message":"Redis Url is running on port: redis://localhost:6379","service":"api-gateway","timestamp":"2025-09-09T04:55:00.777Z"}
{"level":"info","message":"API GATEWAY is running on port: 3000","service":"api-gateway","timestamp":"2025-09-09T04:55:04.570Z"}
{"level":"info","message":"Identity Service is running on port: http://localhost:3001","service":"api-gateway","timestamp":"2025-09-09T04:55:04.574Z"}
{"level":"info","message":"Post Service is running on port: http://localhost:3002","service":"api-gateway","timestamp":"2025-09-09T04:55:04.575Z"}
{"level":"info","message":"Redis Url is running on port: redis://localhost:6379","service":"api-gateway","timestamp":"2025-09-09T04:55:04.576Z"}
{"level":"info","message":"API GATEWAY is running on port: 3000","service":"api-gateway","timestamp":"2025-09-09T04:55:06.445Z"}
{"level":"info","message":"Identity Service is running on port: http://localhost:3001","service":"api-gateway","timestamp":"2025-09-09T04:55:06.454Z"}
{"level":"info","message":"Post Service is running on port: http://localhost:3002","service":"api-gateway","timestamp":"2025-09-09T04:55:06.455Z"}
{"level":"info","message":"Redis Url is running on port: redis://localhost:6379","service":"api-gateway","timestamp":"2025-09-09T04:55:06.455Z"}
{"level":"info","message":"API GATEWAY is running on port: 3000","service":"api-gateway","timestamp":"2025-09-09T04:55:39.265Z"}
{"level":"info","message":"Identity Service is running on port: http://localhost:3001","service":"api-gateway","timestamp":"2025-09-09T04:55:39.270Z"}
{"level":"info","message":"Post Service is running on port: http://localhost:3002","service":"api-gateway","timestamp":"2025-09-09T04:55:39.271Z"}
{"level":"info","message":"Redis Url is running on port: redis://localhost:6379","service":"api-gateway","timestamp":"2025-09-09T04:55:39.272Z"}
{"level":"info","message":"API GATEWAY is running on port: 3000","service":"api-gateway","timestamp":"2025-09-09T04:55:44.658Z"}
{"level":"info","message":"Identity Service is running on port: http://localhost:3001","service":"api-gateway","timestamp":"2025-09-09T04:55:44.662Z"}
{"level":"info","message":"Post Service is running on port: http://localhost:3002","service":"api-gateway","timestamp":"2025-09-09T04:55:44.663Z"}
{"level":"info","message":"Redis Url is running on port: redis://localhost:6379","service":"api-gateway","timestamp":"2025-09-09T04:55:44.664Z"}
{"level":"info","message":"API GATEWAY is running on port: 3000","service":"api-gateway","timestamp":"2025-09-09T04:56:14.257Z"}
{"level":"info","message":"Identity Service is running on port: http://localhost:3001","service":"api-gateway","timestamp":"2025-09-09T04:56:14.261Z"}
{"level":"info","message":"Post Service is running on port: http://localhost:3002","service":"api-gateway","timestamp":"2025-09-09T04:56:14.262Z"}
{"level":"info","message":"Redis Url is running on port: redis://localhost:6379","service":"api-gateway","timestamp":"2025-09-09T04:56:14.263Z"}
{"level":"info","message":"API GATEWAY is running on port: 3000","service":"api-gateway","timestamp":"2025-09-09T04:58:09.207Z"}
{"level":"info","message":"Identity Service is running on port: http://localhost:3001","service":"api-gateway","timestamp":"2025-09-09T04:58:09.210Z"}
{"level":"info","message":"Post Service is running on port: http://localhost:3002","service":"api-gateway","timestamp":"2025-09-09T04:58:09.210Z"}
{"level":"info","message":"Media Service is running on port: http://localhost:3003","service":"api-gateway","timestamp":"2025-09-09T04:58:09.210Z"}
{"level":"info","message":"Redis Url is running on port: redis://localhost:6379","service":"api-gateway","timestamp":"2025-09-09T04:58:09.210Z"}
{"level":"info","message":"Received POST request to /v1/media/upload","service":"api-gateway","timestamp":"2025-09-09T05:19:47.876Z"}
{"level":"info","message":"Request body, undefined","service":"api-gateway","timestamp":"2025-09-09T05:19:47.877Z"}
{"level":"info","message":"Response received from media service: 404","service":"api-gateway","timestamp":"2025-09-09T05:19:47.926Z"}
{"level":"info","message":"Received POST request to /v1/media/upload","service":"api-gateway","timestamp":"2025-09-09T05:21:19.775Z"}
{"level":"info","message":"Request body, undefined","service":"api-gateway","timestamp":"2025-09-09T05:21:19.777Z"}
{"level":"info","message":"Response received from media service: 404","service":"api-gateway","timestamp":"2025-09-09T05:21:19.792Z"}
{"level":"info","message":"Received POST request to /v1/media/upload","service":"api-gateway","timestamp":"2025-09-09T05:22:20.679Z"}
{"level":"info","message":"Request body, undefined","service":"api-gateway","timestamp":"2025-09-09T05:22:20.680Z"}
{"level":"info","message":"Response received from media service: 404","service":"api-gateway","timestamp":"2025-09-09T05:22:20.697Z"}
{"level":"info","message":"Received POST request to /v1/media/upload","service":"api-gateway","timestamp":"2025-09-09T05:23:46.786Z"}
{"level":"info","message":"Request body, undefined","service":"api-gateway","timestamp":"2025-09-09T05:23:46.787Z"}
{"level":"info","message":"Response received from media service: 201","service":"api-gateway","timestamp":"2025-09-09T05:23:51.277Z"}
{"level":"info","message":"Received POST request to /v1/post/create-post","service":"api-gateway","timestamp":"2025-09-09T05:27:51.598Z"}
{"level":"info","message":"Request body, [object Object]","service":"api-gateway","timestamp":"2025-09-09T05:27:51.599Z"}
{"level":"info","message":"Response received from Post service: 201","service":"api-gateway","timestamp":"2025-09-09T05:27:51.849Z"}
{"level":"info","message":"Received GET request to /v1/post/all-posts","service":"api-gateway","timestamp":"2025-09-09T05:28:19.601Z"}
{"level":"info","message":"Request body, undefined","service":"api-gateway","timestamp":"2025-09-09T05:28:19.602Z"}
{"level":"info","message":"Response received from Post service: 200","service":"api-gateway","timestamp":"2025-09-09T05:28:19.799Z"}
{"level":"info","message":"Received GET request to /v1/post/all-posts","service":"api-gateway","timestamp":"2025-09-09T05:28:28.661Z"}
{"level":"info","message":"Request body, undefined","service":"api-gateway","timestamp":"2025-09-09T05:28:28.662Z"}
{"level":"info","message":"Response received from Post service: 200","service":"api-gateway","timestamp":"2025-09-09T05:28:28.673Z"}
