{"level":"error","message":"Failed to start server: connectDB is not defined","service":"media-service","stack":"ReferenceError: connectDB is not defined\n    at start (D:\\Qais Documents\\Full Stack\\Back-End\\Micro-Services\\Social-Media-Service\\media-service\\src\\app.js:20:5)\n    at Object.<anonymous> (D:\\Qais Documents\\Full Stack\\Back-End\\Micro-Services\\Social-Media-Service\\media-service\\src\\app.js:30:1)\n    at Module._compile (node:internal/modules/cjs/loader:1554:14)\n    at Object..js (node:internal/modules/cjs/loader:1706:10)\n    at Module.load (node:internal/modules/cjs/loader:1289:32)\n    at Function._load (node:internal/modules/cjs/loader:1108:12)\n    at TracingChannel.traceSync (node:diagnostics_channel:322:14)\n    at wrapModuleLoad (node:internal/modules/cjs/loader:220:24)\n    at Function.executeUserEntryPoint [as runMain] (node:internal/modules/run_main:170:5)\n    at node:internal/main/run_main_module:36:49","timestamp":"2025-09-09T04:51:16.718Z"}
{"level":"error","message":"Failed to start server: connectDB is not defined","service":"media-service","stack":"ReferenceError: connectDB is not defined\n    at start (D:\\Qais Documents\\Full Stack\\Back-End\\Micro-Services\\Social-Media-Service\\media-service\\src\\app.js:20:5)\n    at Object.<anonymous> (D:\\Qais Documents\\Full Stack\\Back-End\\Micro-Services\\Social-Media-Service\\media-service\\src\\app.js:30:1)\n    at Module._compile (node:internal/modules/cjs/loader:1554:14)\n    at Object..js (node:internal/modules/cjs/loader:1706:10)\n    at Module.load (node:internal/modules/cjs/loader:1289:32)\n    at Function._load (node:internal/modules/cjs/loader:1108:12)\n    at TracingChannel.traceSync (node:diagnostics_channel:322:14)\n    at wrapModuleLoad (node:internal/modules/cjs/loader:220:24)\n    at Function.executeUserEntryPoint [as runMain] (node:internal/modules/run_main:170:5)\n    at node:internal/main/run_main_module:36:49","timestamp":"2025-09-09T04:51:22.093Z"}
{"level":"error","message":"Failed to start server: connectDB is not defined","service":"media-service","stack":"ReferenceError: connectDB is not defined\n    at start (D:\\Qais Documents\\Full Stack\\Back-End\\Micro-Services\\Social-Media-Service\\media-service\\src\\app.js:21:5)\n    at Object.<anonymous> (D:\\Qais Documents\\Full Stack\\Back-End\\Micro-Services\\Social-Media-Service\\media-service\\src\\app.js:31:1)\n    at Module._compile (node:internal/modules/cjs/loader:1554:14)\n    at Object..js (node:internal/modules/cjs/loader:1706:10)\n    at Module.load (node:internal/modules/cjs/loader:1289:32)\n    at Function._load (node:internal/modules/cjs/loader:1108:12)\n    at TracingChannel.traceSync (node:diagnostics_channel:322:14)\n    at wrapModuleLoad (node:internal/modules/cjs/loader:220:24)\n    at Function.executeUserEntryPoint [as runMain] (node:internal/modules/run_main:170:5)\n    at node:internal/main/run_main_module:36:49","timestamp":"2025-09-09T04:51:34.669Z"}
{"level":"info","message":"Connected to MongoDB successfully","service":"media-service","timestamp":"2025-09-09T04:51:48.914Z"}
{"level":"info","message":"Server is listening on port 3003","service":"media-service","timestamp":"2025-09-09T04:51:48.928Z"}
{"level":"info","message":"Connected to MongoDB successfully","service":"media-service","timestamp":"2025-09-09T04:52:48.420Z"}
{"level":"info","message":"Server is listening on port 3003","service":"media-service","timestamp":"2025-09-09T04:52:48.432Z"}
{"level":"info","message":"Connected to MongoDB successfully","service":"media-service","timestamp":"2025-09-09T04:52:58.768Z"}
{"level":"info","message":"Server is listening on port 3003","service":"media-service","timestamp":"2025-09-09T04:52:58.786Z"}
{"level":"info","message":"Connected to MongoDB successfully","service":"media-service","timestamp":"2025-09-09T04:53:26.780Z"}
{"level":"info","message":"Server is listening on port 3003","service":"media-service","timestamp":"2025-09-09T04:53:26.788Z"}
{"level":"info","message":"Connected to MongoDB successfully","service":"media-service","timestamp":"2025-09-09T04:53:52.522Z"}
{"level":"info","message":"Server is listening on port 3003","service":"media-service","timestamp":"2025-09-09T04:53:52.536Z"}
{"level":"info","message":"Received POST request to /api/media/upload","service":"media-service","timestamp":"2025-09-09T05:19:47.912Z"}
{"level":"info","message":"Request body, undefined","service":"media-service","timestamp":"2025-09-09T05:19:47.915Z"}
{"level":"info","message":"Received POST request to /api/media/upload","service":"media-service","timestamp":"2025-09-09T05:21:19.788Z"}
{"level":"info","message":"Request body, undefined","service":"media-service","timestamp":"2025-09-09T05:21:19.788Z"}
{"level":"info","message":"Received POST request to /api/media/upload","service":"media-service","timestamp":"2025-09-09T05:22:20.682Z"}
{"level":"info","message":"Request body, undefined","service":"media-service","timestamp":"2025-09-09T05:22:20.685Z"}
{"level":"info","message":"Connected to MongoDB successfully","service":"media-service","timestamp":"2025-09-09T05:22:51.884Z"}
{"level":"info","message":"Server is listening on port 3003","service":"media-service","timestamp":"2025-09-09T05:22:51.892Z"}
{"level":"info","message":"Connected to MongoDB successfully","service":"media-service","timestamp":"2025-09-09T05:23:44.081Z"}
{"level":"info","message":"Server is listening on port 3003","service":"media-service","timestamp":"2025-09-09T05:23:44.085Z"}
{"level":"info","message":"Received POST request to /api/media/upload","service":"media-service","timestamp":"2025-09-09T05:23:46.792Z"}
{"level":"info","message":"Request body, undefined","service":"media-service","timestamp":"2025-09-09T05:23:46.793Z"}
{"level":"info","message":"Starting media upload","service":"media-service","timestamp":"2025-09-09T05:23:46.799Z"}
{"level":"info","message":"File details: name=Screenshot 2025-07-27 201505.png, type=image/png","service":"media-service","timestamp":"2025-09-09T05:23:46.800Z"}
{"level":"info","message":"Uploading to cloudinary starting...","service":"media-service","timestamp":"2025-09-09T05:23:46.801Z"}
{"level":"info","message":"Cloudinary upload successfully. Public Id: - pyrh6u34madmxrfoeuxa","service":"media-service","timestamp":"2025-09-09T05:23:51.198Z"}
